<?xml version="1.0" encoding="UTF-8"?>
<!-- Generated by org.testng.reporters.JUnitReportReporter -->
<testsuite hostname="LAPTOP-J351L4I6" name="APIAutomationProject.APIAutomationProject.POST_Employeee" tests="3" failures="0" timestamp="14 Jul 2020 11:09:26 GMT" time="5.845" errors="0">
  <testcase name="PostEmployee" time="1.009" classname="APIAutomationProject.APIAutomationProject.POST_Employeee"/>
  <testcase name="PostEmployee" time="1.029" classname="APIAutomationProject.APIAutomationProject.POST_Employeee"/>
  <testcase name="PostEmployee" time="3.807" classname="APIAutomationProject.APIAutomationProject.POST_Employeee"/>
</testsuite> <!-- APIAutomationProject.APIAutomationProject.POST_Employeee -->
